<?xml version="1.0" encoding="UTF-8"?>
<!-- Generated by org.testng.reporters.JUnitReportReporter -->
<testsuite skipped="0" hostname="LAPTOP-SMC8HIAI" name="annotationsInTestNG.TestNGAnnotationsUpdated" tests="2" failures="0" timestamp="2021-06-30T09:11:35 IST" time="0.024" errors="0">
  <testcase name="createUser" time="0.013" classname="annotationsInTestNG.TestNGAnnotationsUpdated"/>
  <system-out>
    <![CDATA[The User is created]]>
  </system-out>
  <testcase name="addEmployee" time="0.011" classname="annotationsInTestNG.TestNGAnnotationsUpdated"/>
  <system-out>
    <![CDATA[Add the Employee]]>
  </system-out>
</testsuite> <!-- annotationsInTestNG.TestNGAnnotationsUpdated -->
