<?xml version="1.0" encoding="UTF-8"?>
<!-- Generated by org.testng.reporters.JUnitReportReporter -->
<testsuite skipped="0" hostname="LAPTOP-SMC8HIAI" name="paralelexec.MethodsParallelly" tests="2" failures="0" timestamp="2021-06-28T08:58:39 IST" time="27.393" errors="0">
  <testcase name="methodB" time="14.311" classname="paralelexec.MethodsParallelly"/>
  <system-out/>
  <testcase name="methodA" time="13.082" classname="paralelexec.MethodsParallelly"/>
  <system-out/>
</testsuite> <!-- paralelexec.MethodsParallelly -->
