<?xml version="1.0" encoding="UTF-8"?>
<!-- Generated by org.testng.reporters.JUnitReportReporter -->
<testsuite skipped="0" hostname="LAPTOP-SMC8HIAI" name="flagsinTestNG.Flag4" tests="2" failures="0" timestamp="2021-06-25T08:48:53 IST" time="0.026" errors="0">
  <testcase name="logout" time="0.004" classname="flagsinTestNG.Flag4"/>
  <system-out>
    <![CDATA[Logout from  the application]]>
  </system-out>
  <testcase name="login" time="0.022" classname="flagsinTestNG.Flag4"/>
  <system-out>
    <![CDATA[Login to the application]]>
  </system-out>
</testsuite> <!-- flagsinTestNG.Flag4 -->
