<?xml version="1.0" encoding="UTF-8"?>
<!-- Generated by org.testng.reporters.JUnitReportReporter -->
<testsuite skipped="0" hostname="LAPTOP-SMC8HIAI" name="flagsinTestNG.flag1realTime" tests="3" failures="0" timestamp="2021-06-24T09:48:37 IST" time="0.030" errors="0">
  <testcase name="createUser" time="0.004" classname="flagsinTestNG.flag1realTime"/>
  <system-out>
    <![CDATA[create user]]>
  </system-out>
  <testcase name="login" time="0.024" classname="flagsinTestNG.flag1realTime"/>
  <system-out>
    <![CDATA[Login into  the application]]>
  </system-out>
  <testcase name="logout" time="0.002" classname="flagsinTestNG.flag1realTime"/>
  <system-out>
    <![CDATA[Logout from the application]]>
  </system-out>
</testsuite> <!-- flagsinTestNG.flag1realTime -->
