<?xml version="1.0" encoding="UTF-8"?>
<!-- Generated by org.testng.reporters.JUnitReportReporter -->
<testsuite skipped="0" hostname="LAPTOP-SMC8HIAI" name="paralelexec.Class1" tests="2" failures="0" timestamp="2021-06-28T09:15:24 IST" time="15.727" errors="0">
  <testcase name="setUp" time="14.814" classname="paralelexec.Class1"/>
  <system-out/>
  <testcase name="tearDown" time="0.913" classname="paralelexec.Class1"/>
  <system-out/>
</testsuite> <!-- paralelexec.Class1 -->
