<?xml version="1.0" encoding="UTF-8"?>
<!-- Generated by org.testng.reporters.JUnitReportReporter -->
<testsuite skipped="0" hostname="LAPTOP-SMC8HIAI" name="dataparameterization.ActiTimeLogin" tests="2" failures="0" timestamp="2021-06-26T09:41:05 IST" time="50.945" errors="0">
  <testcase name="loginActiTime" time="12.741" classname="dataparameterization.ActiTimeLogin"/>
  <system-out/>
  <testcase name="loginActiTime" time="38.204" classname="dataparameterization.ActiTimeLogin"/>
  <system-out/>
</testsuite> <!-- dataparameterization.ActiTimeLogin -->
