<?xml version="1.0" encoding="UTF-8"?>
<!-- Generated by org.testng.reporters.JUnitReportReporter -->
<testsuite skipped="0" hostname="LAPTOP-SMC8HIAI" name="annotationsInTestNG.TestNGRealTime" tests="1" failures="0" timestamp="2021-06-30T09:13:34 IST" time="0.015" errors="0">
  <testcase name="f" time="0.015" classname="annotationsInTestNG.TestNGRealTime"/>
  <system-out>
    <![CDATA[Test Case1]]>
  </system-out>
</testsuite> <!-- annotationsInTestNG.TestNGRealTime -->
