<?xml version="1.0" encoding="UTF-8"?>
<!-- Generated by org.testng.reporters.JUnitReportReporter -->
<testsuite skipped="0" hostname="LAPTOP-SMC8HIAI" name="testNGAnnotationUsedForApp.NewTest" tests="2" failures="0" timestamp="2021-07-01T08:25:46 IST" time="56.729" errors="0">
  <testcase name="loginActiTime" time="16.064" classname="testNGAnnotationUsedForApp.NewTest"/>
  <system-out/>
  <testcase name="loginActiTimeInvalid" time="40.665" classname="testNGAnnotationUsedForApp.NewTest"/>
  <system-out/>
</testsuite> <!-- testNGAnnotationUsedForApp.NewTest -->
