<?xml version="1.0" encoding="UTF-8"?>
<!-- Generated by org.testng.reporters.JUnitReportReporter -->
<testsuite skipped="0" hostname="LAPTOP-SMC8HIAI" name="dataparameterization.DataParameter" tests="2" failures="0" timestamp="2021-06-26T09:12:38 IST" time="24.299" errors="0">
  <testcase name="launchBrowser" time="6.670" classname="dataparameterization.DataParameter"/>
  <system-out/>
  <testcase name="launchBrowser" time="17.629" classname="dataparameterization.DataParameter"/>
  <system-out/>
</testsuite> <!-- dataparameterization.DataParameter -->
