<?xml version="1.0" encoding="UTF-8"?>
<!-- Generated by org.testng.reporters.JUnitReportReporter -->
<testsuite skipped="0" hostname="LAPTOP-SMC8HIAI" name="flagsinTestNG.Flag7" tests="12" failures="0" timestamp="2021-06-25T09:54:46 IST" time="0.058" errors="0">
  <testcase name="st5" time="0.002" classname="flagsinTestNG.Flag7"/>
  <system-out>
    <![CDATA[ST5]]>
  </system-out>
  <testcase name="it6" time="0.005" classname="flagsinTestNG.Flag7"/>
  <system-out>
    <![CDATA[IT6]]>
  </system-out>
  <testcase name="st4" time="0.004" classname="flagsinTestNG.Flag7"/>
  <system-out>
    <![CDATA[ST4]]>
  </system-out>
  <testcase name="st3" time="0.003" classname="flagsinTestNG.Flag7"/>
  <system-out>
    <![CDATA[ST3]]>
  </system-out>
  <testcase name="st1" time="0.002" classname="flagsinTestNG.Flag7"/>
  <system-out>
    <![CDATA[ST1]]>
  </system-out>
  <testcase name="st6" time="0.002" classname="flagsinTestNG.Flag7"/>
  <system-out>
    <![CDATA[ST6]]>
  </system-out>
  <testcase name="it2" time="0.003" classname="flagsinTestNG.Flag7"/>
  <system-out>
    <![CDATA[IT2]]>
  </system-out>
  <testcase name="st2" time="0.002" classname="flagsinTestNG.Flag7"/>
  <system-out>
    <![CDATA[ST2]]>
  </system-out>
  <testcase name="it4" time="0.007" classname="flagsinTestNG.Flag7"/>
  <system-out>
    <![CDATA[IT4]]>
  </system-out>
  <testcase name="it1" time="0.023" classname="flagsinTestNG.Flag7"/>
  <system-out>
    <![CDATA[IT1]]>
  </system-out>
  <testcase name="it3" time="0.003" classname="flagsinTestNG.Flag7"/>
  <system-out>
    <![CDATA[IT3]]>
  </system-out>
  <testcase name="it5" time="0.002" classname="flagsinTestNG.Flag7"/>
  <system-out>
    <![CDATA[IT5]]>
  </system-out>
</testsuite> <!-- flagsinTestNG.Flag7 -->
