<?xml version="1.0" encoding="UTF-8"?>
<!-- Generated by org.testng.reporters.JUnitReportReporter -->
<testsuite skipped="0" hostname="LAPTOP-SMC8HIAI" name="paralelexec.Class3" tests="2" failures="0" timestamp="2021-06-28T09:15:24 IST" time="17.008" errors="0">
  <testcase name="tearDown" time="1.036" classname="paralelexec.Class3"/>
  <system-out/>
  <testcase name="setUp" time="15.972" classname="paralelexec.Class3"/>
  <system-out/>
</testsuite> <!-- paralelexec.Class3 -->
