<?xml version="1.0" encoding="UTF-8"?>
<!-- Generated by org.testng.reporters.JUnitReportReporter -->
<testsuite skipped="0" hostname="LAPTOP-SMC8HIAI" name="annotationsInTestNG.TestNGAnnotations" tests="1" failures="0" timestamp="2021-06-30T08:39:13 IST" time="0.011" errors="0">
  <testcase name="f" time="0.011" classname="annotationsInTestNG.TestNGAnnotations"/>
  <system-out>
    <![CDATA[Test Case1]]>
  </system-out>
</testsuite> <!-- annotationsInTestNG.TestNGAnnotations -->
