<?xml version="1.0" encoding="UTF-8"?>
<!-- Generated by org.testng.reporters.JUnitReportReporter -->
<testsuite skipped="0" hostname="LAPTOP-SMC8HIAI" name="paralelexec.Class4" tests="2" failures="0" timestamp="2021-06-28T09:15:24 IST" time="17.707" errors="0">
  <testcase name="setUp" time="15.024" classname="paralelexec.Class4"/>
  <system-out/>
  <testcase name="tearDown" time="2.683" classname="paralelexec.Class4"/>
  <system-out/>
</testsuite> <!-- paralelexec.Class4 -->
