<?xml version="1.0" encoding="UTF-8"?>
<!-- Generated by org.testng.reporters.JUnitReportReporter -->
<testsuite skipped="0" hostname="LAPTOP-SMC8HIAI" name="flagsinTestNG.Flag5" tests="2" failures="0" timestamp="2021-06-25T09:02:52 IST" time="0.020" errors="0">
  <testcase name="login" time="0.018" classname="flagsinTestNG.Flag5"/>
  <system-out>
    <![CDATA[login]]>
  </system-out>
  <testcase name="logout" time="0.002" classname="flagsinTestNG.Flag5"/>
  <system-out>
    <![CDATA[logout]]>
  </system-out>
</testsuite> <!-- flagsinTestNG.Flag5 -->
