<?xml version="1.0" encoding="UTF-8"?>
<!-- Generated by org.testng.reporters.JUnitReportReporter -->
<testsuite skipped="0" hostname="LAPTOP-SMC8HIAI" name="paralelexec.Class2" tests="2" failures="0" timestamp="2021-06-28T09:15:24 IST" time="16.660" errors="0">
  <testcase name="setUp" time="15.559" classname="paralelexec.Class2"/>
  <system-out/>
  <testcase name="tearDown" time="1.101" classname="paralelexec.Class2"/>
  <system-out/>
</testsuite> <!-- paralelexec.Class2 -->
