<?xml version="1.0" encoding="UTF-8"?>
<!-- Generated by org.testng.reporters.JUnitReportReporter -->
<testsuite skipped="0" hostname="LAPTOP-SMC8HIAI" name="testNG.Sumo" tests="1" failures="0" timestamp="2021-06-24T08:26:37 IST" time="0.002" errors="0">
  <testcase name="sun" time="0.002" classname="testNG.Sumo"/>
  <system-out>
    <![CDATA[Hi I am method sun]]>
  </system-out>
</testsuite> <!-- testNG.Sumo -->
