<?xml version="1.0" encoding="UTF-8"?>
<!-- Generated by org.testng.reporters.JUnitReportReporter -->
<testsuite skipped="0" hostname="LAPTOP-SMC8HIAI" name="dataprovider.DataDrivenApproach" tests="5" failures="0" timestamp="2021-07-01T09:00:28 IST" time="58.208" errors="0">
  <testcase name="testInvalidActitime" time="11.192" classname="dataprovider.DataDrivenApproach"/>
  <system-out/>
  <testcase name="testInvalidActitime" time="11.490" classname="dataprovider.DataDrivenApproach"/>
  <system-out/>
  <testcase name="testInvalidActitime" time="10.766" classname="dataprovider.DataDrivenApproach"/>
  <system-out/>
  <testcase name="testInvalidActitime" time="13.592" classname="dataprovider.DataDrivenApproach"/>
  <system-out/>
  <testcase name="testInvalidActitime" time="11.168" classname="dataprovider.DataDrivenApproach"/>
  <system-out/>
</testsuite> <!-- dataprovider.DataDrivenApproach -->
