<?xml version="1.0" encoding="UTF-8"?>
<!-- Generated by org.testng.reporters.JUnitReportReporter -->
<testsuite skipped="0" hostname="LAPTOP-SMC8HIAI" name="testNG.Remo" tests="1" failures="0" timestamp="2021-06-24T08:26:37 IST" time="0.014" errors="0">
  <testcase name="gun" time="0.014" classname="testNG.Remo"/>
  <system-out>
    <![CDATA[Hi I am method gun]]>
  </system-out>
</testsuite> <!-- testNG.Remo -->
